<?xml version="1.0" encoding="UTF-8"?>
<testsuite name="solium.talat.main.SoliumDataTest" tests="3" skipped="0" failures="0" errors="0" timestamp="2017-06-11T04:58:21" hostname="DESKTOP-SOSFQ7V" time="0.002">
  <properties/>
  <testcase name="testUpdateEmployeeIndex_ExistingEntryNullActivity" classname="solium.talat.main.SoliumDataTest" time="0.001"/>
  <testcase name="testUpdateEmployeeIndex_ExistingEntry" classname="solium.talat.main.SoliumDataTest" time="0.001"/>
  <testcase name="testUpdateEmployeeIndex_NoExistingEntry" classname="solium.talat.main.SoliumDataTest" time="0.0"/>
  <system-out><![CDATA[]]></system-out>
  <system-err><![CDATA[]]></system-err>
</testsuite>
