<?xml version="1.0" encoding="UTF-8"?>
<testsuite name="solium.talat.factories.ActivityFactoryTest" tests="7" skipped="0" failures="0" errors="0" timestamp="2017-06-11T04:58:21" hostname="DESKTOP-SOSFQ7V" time="0.015">
  <properties/>
  <testcase name="testClassifyActivity_IllegalActivty" classname="solium.talat.factories.ActivityFactoryTest" time="0.003"/>
  <testcase name="testCreateActivity_LegalActivity" classname="solium.talat.factories.ActivityFactoryTest" time="0.007"/>
  <testcase name="testCreateActivity_IllegalDate" classname="solium.talat.factories.ActivityFactoryTest" time="0.0"/>
  <testcase name="testClassifyActivity_VestActivty" classname="solium.talat.factories.ActivityFactoryTest" time="0.0"/>
  <testcase name="testClassifyActivity_PerfActivty" classname="solium.talat.factories.ActivityFactoryTest" time="0.001"/>
  <testcase name="testClassifyActivity_SaleActivty" classname="solium.talat.factories.ActivityFactoryTest" time="0.002"/>
  <testcase name="testCreateActivity_IllegalActivity" classname="solium.talat.factories.ActivityFactoryTest" time="0.0"/>
  <system-out><![CDATA[]]></system-out>
  <system-err><![CDATA[]]></system-err>
</testsuite>
